Removed Pin From Net: NetName=GND Pin=C3-1
Removed Pin From Net: NetName=GND Pin=C4-1
Removed Pin From Net: NetName=3v3 Pin=C4-2
Removed Pin From Net: NetName=GND Pin=C5-1
Removed Pin From Net: NetName=3v3 Pin=C5-2
Removed Pin From Net: NetName=GND Pin=C6-1
Removed Pin From Net: NetName=3v3 Pin=C6-2
Removed Pin From Net: NetName=GND Pin=C7-1
Removed Pin From Net: NetName=3v3 Pin=C7-2
Change Component Footprint: Designator=C1 Old Footprint=0603_C New Footprint=FP-CL21-IPC_A
Change Component Footprint: Designator=C3 Old Footprint=0603_C New Footprint=FP-CL779-IPC_C
Change Component Footprint: Designator=C4 Old Footprint=0603_C New Footprint=FP-CL779-IPC_C
Change Component Footprint: Designator=C5 Old Footprint=0603_C New Footprint=FP-CL779-IPC_C
Change Component Footprint: Designator=C6 Old Footprint=0603_C New Footprint=FP-CL779-IPC_C
Change Component Footprint: Designator=C7 Old Footprint=0603_C New Footprint=FP-CL779-IPC_C
Change Component Footprint: Designator=P1 Old Footprint=61301021021 New Footprint=61301021021
Change Component Comment : Designator=C1 Old Comment=10uF  New Comment=10¶ÃF
Change Component Comment : Designator=C5 Old Comment=100nF  New Comment=100nF
Change Component Comment : Designator=C6 Old Comment=100nF  New Comment=100nF
Change Managed Component Library Link : Designator=C1 Old VaultGUID= New VaultGUID=B7D15EC3-160A-466F-A46C-7801FE6295A7 Old ItemGUID= New ItemGUID=04A370AA-3876-4B91-B00A-5F0EAE7775EC Old RevisionGUID= New RevisionGUID=A5DEF9B9-FA5A-4B29-91B4-896BBB56E744
Change Managed Component Library Link : Designator=C3 Old VaultGUID= New VaultGUID=B7D15EC3-160A-466F-A46C-7801FE6295A7 Old ItemGUID= New ItemGUID=E21F6292-C0A8-404D-8797-1A0C4B7BD28D Old RevisionGUID= New RevisionGUID=4556B26D-81C6-432A-B288-53A99AC03548
Change Managed Component Library Link : Designator=C4 Old VaultGUID= New VaultGUID=B7D15EC3-160A-466F-A46C-7801FE6295A7 Old ItemGUID= New ItemGUID=E21F6292-C0A8-404D-8797-1A0C4B7BD28D Old RevisionGUID= New RevisionGUID=4556B26D-81C6-432A-B288-53A99AC03548
Change Managed Component Library Link : Designator=C5 Old VaultGUID= New VaultGUID=B7D15EC3-160A-466F-A46C-7801FE6295A7 Old ItemGUID= New ItemGUID=E21F6292-C0A8-404D-8797-1A0C4B7BD28D Old RevisionGUID= New RevisionGUID=4556B26D-81C6-432A-B288-53A99AC03548
Change Managed Component Library Link : Designator=C6 Old VaultGUID= New VaultGUID=B7D15EC3-160A-466F-A46C-7801FE6295A7 Old ItemGUID= New ItemGUID=E21F6292-C0A8-404D-8797-1A0C4B7BD28D Old RevisionGUID= New RevisionGUID=4556B26D-81C6-432A-B288-53A99AC03548
Change Managed Component Library Link : Designator=C7 Old VaultGUID= New VaultGUID=B7D15EC3-160A-466F-A46C-7801FE6295A7 Old ItemGUID= New ItemGUID=E21F6292-C0A8-404D-8797-1A0C4B7BD28D Old RevisionGUID= New RevisionGUID=4556B26D-81C6-432A-B288-53A99AC03548
Change component parameters: Designator = "C1" ("C1"); Footprint = "0603_C"; UniqueID = "\ITCXYHQO" ("\ITCXYHQO")
Change component parameters (AddParameter): Name = "Capacitance"; Value = "10uF"; VariantName = "[No Variations]"
Change component parameters (AddParameter): Name = "Case Code (Imperial)"; Value = "0805"; VariantName = "[No Variations]"
Change component parameters (AddParameter): Name = "Case Code (Metric)"; Value = "2012"; VariantName = "[No Variations]"
Change component parameters (AddParameter): Name = "Case/Package"; Value = "0805"; VariantName = "[No Variations]"
Change component parameters (AddParameter): Name = "Depth"; Value = "1.25mm"; VariantName = "[No Variations]"
Change component parameters (AddParameter): Name = "Dielectric"; Value = "X5R"; VariantName = "[No Variations]"
Change component parameters (AddParameter): Name = "Height"; Value = "1.25mm"; VariantName = "[No Variations]"
Change component parameters (AddParameter): Name = "Length"; Value = "2mm"; VariantName = "[No Variations]"
Change component parameters (AddParameter): Name = "Max Operating Temperature"; Value = "85°„C"; VariantName = "[No Variations]"
Change component parameters (AddParameter): Name = "Min Operating Temperature"; Value = "-55°„C"; VariantName = "[No Variations]"
Change component parameters (AddParameter): Name = "Mount"; Value = "Surface Mount"; VariantName = "[No Variations]"
Change component parameters (AddParameter): Name = "Package Quantity"; Value = "1"; VariantName = "[No Variations]"
Change component parameters (AddParameter): Name = "Packaging"; Value = "Tape and Reel"; VariantName = "[No Variations]"
Change component parameters (AddParameter): Name = "Radiation Hardening"; Value = "No"; VariantName = "[No Variations]"
Change component parameters (AddParameter): Name = "Thickness"; Value = "0.057inch"; VariantName = "[No Variations]"
Change component parameters (AddParameter): Name = "Tolerance"; Value = "10%"; VariantName = "[No Variations]"
Change component parameters (AddParameter): Name = "Voltage Rating"; Value = "25V"; VariantName = "[No Variations]"
Change component parameters (AddParameter): Name = "Width"; Value = "0.049inch"; VariantName = "[No Variations]"
Change component parameters: Designator = "C3" ("C3"); Footprint = "0603_C"; UniqueID = "\YFOAVNCJ" ("\YFOAVNCJ")
Change component parameters: Designator = "C4" ("C4"); Footprint = "0603_C"; UniqueID = "\GRQNWNPR" ("\GRQNWNPR")
Change component parameters: Designator = "C5" ("C5"); Footprint = "0603_C"; UniqueID = "\DAZBILUY" ("\DAZBILUY")
Change component parameters: Designator = "C6" ("C6"); Footprint = "0603_C"; UniqueID = "\JXUXOVHH" ("\JXUXOVHH")
Change component parameters: Designator = "C7" ("C7"); Footprint = "0603_C"; UniqueID = "\USMBOFMB" ("\USMBOFMB")
Added Pin To Net: NetName=GND Pin=C3-2
Added Pin To Net: NetName=3v3 Pin=C4-1
Added Pin To Net: NetName=GND Pin=C4-2
Added Pin To Net: NetName=3v3 Pin=C5-1
Added Pin To Net: NetName=GND Pin=C5-2
Added Pin To Net: NetName=3v3 Pin=C6-1
Added Pin To Net: NetName=GND Pin=C6-2
Added Pin To Net: NetName=3v3 Pin=C7-1
Added Pin To Net: NetName=GND Pin=C7-2
Added Pin To Net: NetName=NetC3_1 Pin=C3-1
Added Pin To Net: NetName=NetC3_1 Pin=FB1-2
Added Pin To Net: NetName=NetC3_1 Pin=U2-9
Added Net: Name=NetC3_1
