Removed Pin From Net: NetName=NetC9_2 Pin=U1-5
Removed Pin From Net: NetName=NetC10_2 Pin=U1-6
Removed Pin From Net: NetName=nRST Pin=U1-7
Removed Pin From Net: NetName=UART2_TX Pin=U1-12
Removed Pin From Net: NetName=UART2_RX Pin=U1-13
Removed Pin From Net: NetName=TDO Pin=U1-15
Removed Pin From Net: NetName=TDI Pin=U1-17
Removed Pin From Net: NetName=nRST Pin=U1-18
Removed Pin From Net: NetName=BOOT1 Pin=U1-20
Removed Pin From Net: NetName=TMS_SWDIO_UP Pin=U1-25
Removed Pin From Net: NetName=TCK_SWCLK Pin=U1-26
Removed Pin From Net: NetName=TMS_SWDIO Pin=U1-27
Removed Pin From Net: NetName=USB_ENUM Pin=U1-28
Removed Pin From Net: NetName=LED_RUN Pin=U1-30
Removed Pin From Net: NetName=USB_CONN_N Pin=U1-32
Removed Pin From Net: NetName=USB_CONN_P Pin=U1-33
Removed Pin From Net: NetName=SWDIO Pin=U1-34
Removed Pin From Net: NetName=SWCLK Pin=U1-37
Removed Pin From Net: NetName=LED_CON Pin=U1-42
Removed Pin From Net: NetName=BOOT0 Pin=U1-44
Removed Member From Class: ClassName=Sheet1 Member=U2
Change Component Comment : Designator=C1 Old Comment=10uF  New Comment=10uF
Change Component Designator: OldDesignator=U2 NewDesignator=U1
Added Pin To Net: NetName=NetC9_2 Pin=U1-5
Added Pin To Net: NetName=NetC10_2 Pin=U1-6
Added Pin To Net: NetName=nRST Pin=U1-7
Added Pin To Net: NetName=UART2_TX Pin=U1-12
Added Pin To Net: NetName=UART2_RX Pin=U1-13
Added Pin To Net: NetName=TDO Pin=U1-15
Added Pin To Net: NetName=TDI Pin=U1-17
Added Pin To Net: NetName=nRST Pin=U1-18
Added Pin To Net: NetName=BOOT1 Pin=U1-20
Added Pin To Net: NetName=TMS_SWDIO_UP Pin=U1-25
Added Pin To Net: NetName=TCK_SWCLK Pin=U1-26
Added Pin To Net: NetName=TMS_SWDIO Pin=U1-27
Added Pin To Net: NetName=USB_ENUM Pin=U1-28
Added Pin To Net: NetName=LED_RUN Pin=U1-30
Added Pin To Net: NetName=USB_CONN_N Pin=U1-32
Added Pin To Net: NetName=USB_CONN_P Pin=U1-33
Added Pin To Net: NetName=SWDIO Pin=U1-34
Added Pin To Net: NetName=SWCLK Pin=U1-37
Added Pin To Net: NetName=LED_CON Pin=U1-42
Added Pin To Net: NetName=BOOT0 Pin=U1-44
